# JRE version: 7.0_25-b17
# Java VM: Java HotSpot(TM) Client VM (23.25-b01 mixed mode, sharing windows-x86 )
Heap
 def new generation   total 78656K, used 67523K [0x241c0000, 0x29710000, 0x29710000)
  eden space 69952K,  90% used [0x241c0000, 0x27f41350, 0x28610000)
  from space 8704K,  52% used [0x28610000, 0x28a7fae8, 0x28e90000)
  to   space 8704K,   0% used [0x28e90000, 0x28e90000, 0x29710000)
 tenured generation   total 174784K, used 169541K [0x29710000, 0x341c0000, 0x341c0000)
   the space 174784K,  97% used [0x29710000, 0x33ca1748, 0x33ca1800, 0x341c0000)
 compacting perm gen  total 12288K, used 9862K [0x341c0000, 0x34dc0000, 0x381c0000)
   the space 12288K,  80% used [0x341c0000, 0x34b618f8, 0x34b61a00, 0x34dc0000)
    ro space 10240K,  42% used [0x381c0000, 0x38604240, 0x38604400, 0x38bc0000)
    rw space 12288K,  54% used [0x38bc0000, 0x39244d58, 0x39244e00, 0x397c0000)
GC Heap History (10 events):
Event: 254.938 GC heap before
{Heap before GC invocations=812 (full 6):
 def new generation   total 78656K, used 75130K [0x241c0000, 0x29710000, 0x29710000)
  eden space 69952K, 100% used [0x241c0000, 0x28610000, 0x28610000)
  from space 8704K,  59% used [0x28e90000, 0x2939eb68, 0x29710000)
  to   space 8704K,   0% used [0x28610000, 0x28610000, 0x28e90000)
 tenured generation   total 174784K, used 169037K [0x29710000, 0x341c0000, 0x341c0000)
   the space 174784K,  96% used [0x29710000, 0x33c23748, 0x33c23800, 0x341c0000)
 compacting perm gen  total 12288K, used 9862K [0x341c0000, 0x34dc0000, 0x381c0000)
   the space 12288K,  80% used [0x341c0000, 0x34b618f8, 0x34b61a00, 0x34dc0000)
    ro space 10240K,  42% used [0x381c0000, 0x38604240, 0x38604400, 0x38bc0000)
    rw space 12288K,  54% used [0x38bc0000, 0x39244d58, 0x39244e00, 0x397c0000)
Event: 254.943 GC heap after
Heap after GC invocations=813 (full 6):
 def new generation   total 78656K, used 3716K [0x241c0000, 0x29710000, 0x29710000)
  eden space 69952K,   0% used [0x241c0000, 0x241c0000, 0x28610000)
  from space 8704K,  42% used [0x28610000, 0x289b13f8, 0x28e90000)
  to   space 8704K,   0% used [0x28e90000, 0x28e90000, 0x29710000)
 tenured generation   total 174784K, used 169287K [0x29710000, 0x341c0000, 0x341c0000)
   the space 174784K,  96% used [0x29710000, 0x33c61f50, 0x33c62000, 0x341c0000)
 compacting perm gen  total 12288K, used 9862K [0x341c0000, 0x34dc0000, 0x381c0000)
   the space 12288K,  80% used [0x341c0000, 0x34b618f8, 0x34b61a00, 0x34dc0000)
    ro space 10240K,  42% used [0x381c0000, 0x38604240, 0x38604400, 0x38bc0000)
    rw space 12288K,  54% used [0x38bc0000, 0x39244d58, 0x39244e00, 0x397c0000)
}
Event: 255.284 GC heap before
{Heap before GC invocations=813 (full 6):
 def new generation   total 78656K, used 73668K [0x241c0000, 0x29710000, 0x29710000)
  eden space 69952K, 100% used [0x241c0000, 0x28610000, 0x28610000)
  from space 8704K,  42% used [0x28610000, 0x289b13f8, 0x28e90000)
  to   space 8704K,   0% used [0x28e90000, 0x28e90000, 0x29710000)
 tenured generation   total 174784K, used 169287K [0x29710000, 0x341c0000, 0x341c0000)
   the space 174784K,  96% used [0x29710000, 0x33c61f50, 0x33c62000, 0x341c0000)
 compacting perm gen  total 12288K, used 9862K [0x341c0000, 0x34dc0000, 0x381c0000)
   the space 12288K,  80% used [0x341c0000, 0x34b618f8, 0x34b61a00, 0x34dc0000)
    ro space 10240K,  42% used [0x381c0000, 0x38604240, 0x38604400, 0x38bc0000)
    rw space 12288K,  54% used [0x38bc0000, 0x39244d58, 0x39244e00, 0x397c0000)
Event: 255.290 GC heap after
Heap after GC invocations=814 (full 6):
 def new generation   total 78656K, used 3729K [0x241c0000, 0x29710000, 0x29710000)
  eden space 69952K,   0% used [0x241c0000, 0x241c0000, 0x28610000)
  from space 8704K,  42% used [0x28e90000, 0x292345b0, 0x29710000)
  to   space 8704K,   0% used [0x28610000, 0x28610000, 0x28e90000)
 tenured generation   total 174784K, used 169287K [0x29710000, 0x341c0000, 0x341c0000)
   the space 174784K,  96% used [0x29710000, 0x33c61f50, 0x33c62000, 0x341c0000)
 compacting perm gen  total 12288K, used 9862K [0x341c0000, 0x34dc0000, 0x381c0000)
   the space 12288K,  80% used [0x341c0000, 0x34b618f8, 0x34b61a00, 0x34dc0000)
    ro space 10240K,  42% used [0x381c0000, 0x38604240, 0x38604400, 0x38bc0000)
    rw space 12288K,  54% used [0x38bc0000, 0x39244d58, 0x39244e00, 0x397c0000)
}
Event: 255.663 GC heap before
{Heap before GC invocations=814 (full 6):
 def new generation   total 78656K, used 73681K [0x241c0000, 0x29710000, 0x29710000)
  eden space 69952K, 100% used [0x241c0000, 0x28610000, 0x28610000)
  from space 8704K,  42% used [0x28e90000, 0x292345b0, 0x29710000)
  to   space 8704K,   0% used [0x28610000, 0x28610000, 0x28e90000)
 tenured generation   total 174784K, used 169287K [0x29710000, 0x341c0000, 0x341c0000)
   the space 174784K,  96% used [0x29710000, 0x33c61f50, 0x33c62000, 0x341c0000)
 compacting perm gen  total 12288K, used 9862K [0x341c0000, 0x34dc0000, 0x381c0000)
   the space 12288K,  80% used [0x341c0000, 0x34b618f8, 0x34b61a00, 0x34dc0000)
    ro space 10240K,  42% used [0x381c0000, 0x38604240, 0x38604400, 0x38bc0000)
    rw space 12288K,  54% used [0x38bc0000, 0x39244d58, 0x39244e00, 0x397c0000)
Event: 255.673 GC heap after
Heap after GC invocations=815 (full 6):
 def new generation   total 78656K, used 5738K [0x241c0000, 0x29710000, 0x29710000)
  eden space 69952K,   0% used [0x241c0000, 0x241c0000, 0x28610000)
  from space 8704K,  65% used [0x28610000, 0x28baa8a8, 0x28e90000)
  to   space 8704K,   0% used [0x28e90000, 0x28e90000, 0x29710000)
 tenured generation   total 174784K, used 169287K [0x29710000, 0x341c0000, 0x341c0000)
   the space 174784K,  96% used [0x29710000, 0x33c61f50, 0x33c62000, 0x341c0000)
 compacting perm gen  total 12288K, used 9862K [0x341c0000, 0x34dc0000, 0x381c0000)
   the space 12288K,  80% used [0x341c0000, 0x34b618f8, 0x34b61a00, 0x34dc0000)
    ro space 10240K,  42% used [0x381c0000, 0x38604240, 0x38604400, 0x38bc0000)
    rw space 12288K,  54% used [0x38bc0000, 0x39244d58, 0x39244e00, 0x397c0000)
}
Event: 256.009 GC heap before
{Heap before GC invocations=815 (full 6):
 def new generation   total 78656K, used 75690K [0x241c0000, 0x29710000, 0x29710000)
  eden space 69952K, 100% used [0x241c0000, 0x28610000, 0x28610000)
  from space 8704K,  65% used [0x28610000, 0x28baa8a8, 0x28e90000)
  to   space 8704K,   0% used [0x28e90000, 0x28e90000, 0x29710000)
 tenured generation   total 174784K, used 169287K [0x29710000, 0x341c0000, 0x341c0000)
   the space 174784K,  96% used [0x29710000, 0x33c61f50, 0x33c62000, 0x341c0000)
 compacting perm gen  total 12288K, used 9862K [0x341c0000, 0x34dc0000, 0x381c0000)
   the space 12288K,  80% used [0x341c0000, 0x34b618f8, 0x34b61a00, 0x34dc0000)
    ro space 10240K,  42% used [0x381c0000, 0x38604240, 0x38604400, 0x38bc0000)
    rw space 12288K,  54% used [0x38bc0000, 0x39244d58, 0x39244e00, 0x397c0000)
Event: 256.016 GC heap after
Heap after GC invocations=816 (full 6):
 def new generation   total 78656K, used 3880K [0x241c0000, 0x29710000, 0x29710000)
  eden space 69952K,   0% used [0x241c0000, 0x241c0000, 0x28610000)
  from space 8704K,  44% used [0x28e90000, 0x2925a398, 0x29710000)
  to   space 8704K,   0% used [0x28610000, 0x28610000, 0x28e90000)
 tenured generation   total 174784K, used 169541K [0x29710000, 0x341c0000, 0x341c0000)
   the space 174784K,  97% used [0x29710000, 0x33ca1748, 0x33ca1800, 0x341c0000)
 compacting perm gen  total 12288K, used 9862K [0x341c0000, 0x34dc0000, 0x381c0000)
   the space 12288K,  80% used [0x341c0000, 0x34b618f8, 0x34b61a00, 0x34dc0000)
    ro space 10240K,  42% used [0x381c0000, 0x38604240, 0x38604400, 0x38bc0000)
    rw space 12288K,  54% used [0x38bc0000, 0x39244d58, 0x39244e00, 0x397c0000)
}
Event: 256.305 GC heap before
{Heap before GC invocations=816 (full 6):
 def new generation   total 78656K, used 73832K [0x241c0000, 0x29710000, 0x29710000)
  eden space 69952K, 100% used [0x241c0000, 0x28610000, 0x28610000)
  from space 8704K,  44% used [0x28e90000, 0x2925a398, 0x29710000)
  to   space 8704K,   0% used [0x28610000, 0x28610000, 0x28e90000)
 tenured generation   total 174784K, used 169541K [0x29710000, 0x341c0000, 0x341c0000)
   the space 174784K,  97% used [0x29710000, 0x33ca1748, 0x33ca1800, 0x341c0000)
 compacting perm gen  total 12288K, used 9862K [0x341c0000, 0x34dc0000, 0x381c0000)
   the space 12288K,  80% used [0x341c0000, 0x34b618f8, 0x34b61a00, 0x34dc0000)
    ro space 10240K,  42% used [0x381c0000, 0x38604240, 0x38604400, 0x38bc0000)
    rw space 12288K,  54% used [0x38bc0000, 0x39244d58, 0x39244e00, 0x397c0000)
Event: 256.313 GC heap after
Heap after GC invocations=817 (full 6):
 def new generation   total 78656K, used 4542K [0x241c0000, 0x29710000, 0x29710000)
  eden space 69952K,   0% used [0x241c0000, 0x241c0000, 0x28610000)
  from space 8704K,  52% used [0x28610000, 0x28a7fae8, 0x28e90000)
  to   space 8704K,   0% used [0x28e90000, 0x28e90000, 0x29710000)
 tenured generation   total 174784K, used 169541K [0x29710000, 0x341c0000, 0x341c0000)
   the space 174784K,  97% used [0x29710000, 0x33ca1748, 0x33ca1800, 0x341c0000)
 compacting perm gen  total 12288K, used 9862K [0x341c0000, 0x34dc0000, 0x381c0000)
   the space 12288K,  80% used [0x341c0000, 0x34b618f8, 0x34b61a00, 0x34dc0000)
    ro space 10240K,  42% used [0x381c0000, 0x38604240, 0x38604400, 0x38bc0000)
    rw space 12288K,  54% used [0x38bc0000, 0x39244d58, 0x39244e00, 0x397c0000)
}

